<?xml version="1.0" encoding="UTF-8"?>
<testsuite xmlns:xsi="http://www.w3.org/2001/XMLSchema-instance" xsi:noNamespaceSchemaLocation="https://maven.apache.org/surefire/maven-surefire-plugin/xsd/surefire-test-report-3.0.xsd" version="3.0" name="com.isi.maven.batch.BatchApplicationTests" time="4.535" tests="1" errors="0" skipped="0" failures="0">
  <properties>
[...]
</properties>
  <testcase name="contextLoads" classname="com.isi.maven.batch.BatchApplicationTests" time="1.818">
    <system-out><![CDATA[23:41:27.159 [main] INFO org.springframework.test.context.support.AnnotationConfigContextLoaderUtils -- Could not detect default configuration classes for test class [com.isi.maven.batch.BatchApplicationTests]: BatchApplicationTests does not declare any static, non-private, non-final, nested classes annotated with @Configuration.
23:41:27.380 [main] INFO org.springframework.boot.test.context.SpringBootTestContextBootstrapper -- Found @SpringBootConfiguration com.isi.maven.batch.BatchApplication for test class com.isi.maven.batch.BatchApplicationTests

  .   ____          _            __ _ _
 /\\ / ___'_ __ _ _(_)_ __  __ _ \ \ \ \
( ( )\___ | '_ | '_| | '_ \/ _` | \ \ \ \
 \\/  ___)| |_)| | | | | || (_| |  ) ) ) )
  '  |____| .__|_| |_|_| |_\__, | / / / /
 =========|_|==============|___/=/_/_/_/

 :: Spring Boot ::                (v3.3.5)

2025-02-22T23:41:28.470Z  INFO 13808 --- [batch] [           main] c.isi.maven.batch.BatchApplicationTests  : Starting BatchApplicationTests using Java 17.0.13 with PID 13808 (started by mineh in C:\Users\mineh\Desktop\mineHas\tp-maven\lab2\commandes\batch)
2025-02-22T23:41:28.474Z  INFO 13808 --- [batch] [           main] c.isi.maven.batch.BatchApplicationTests  : No active profile set, falling back to 1 default profile: "default"
2025-02-22T23:41:29.517Z  INFO 13808 --- [batch] [           main] c.isi.maven.batch.BatchApplicationTests  : Started BatchApplicationTests in 1.685 seconds (process running for 4.073)
]]></system-out>
  </testcase>
</testsuite>